<?xml version="1.0" encoding="UTF-8"?>
<!-- Generated by org.testng.reporters.JUnitXMLReporter -->
<testsuite ignored="4" hostname="DESKTOP-4O6QNOC" failures="0" tests="1" name="Default test" time="3.652" errors="0" timestamp="2022-10-17T09:54:52 CDT">
  <testcase classname="com.tests.test.TekarchApiExamScript" name="TC_01_get_all_Employee" time="2.634"/>
  <testcase classname="com.tests.test.TekarchApiExamScript" name="TC_05_get_single_Employee" time="0.0">
    <ignored/>
  </testcase> <!-- TC_05_get_single_Employee -->
  <testcase classname="com.tests.test.TekarchApiExamScript" name="TC_04_delete_nonExisting_employee" time="0.0">
    <ignored/>
  </testcase> <!-- TC_04_delete_nonExisting_employee -->
  <testcase classname="com.tests.test.TekarchApiExamScript" name="TC_02_create_employee" time="0.0">
    <ignored/>
  </testcase> <!-- TC_02_create_employee -->
  <testcase classname="com.tests.test.TekarchApiExamScript" name="TC_03_delete_employee" time="0.0">
    <ignored/>
  </testcase> <!-- TC_03_delete_employee -->
</testsuite> <!-- Default test -->
